<?xml version="1.0" encoding="UTF-8"?>
<testsuite name="Login Test"
           tests="5"
           failures="0"
           errors="0"
           skipped="0"
           time="60.925">
  <properties />
  
  
            <testcase name="verifyUserShouldAddProductToTheCartSuccessfully" time="15.363" classname="com.automation.testsuite.WomenCategoryPageTest" />
                <testcase name="verifyUserShouldAddProductToTheCartSuccessfully" time="14.872" classname="com.automation.testsuite.WomenCategoryPageTest" />
                <testcase name="verifyUserShouldAddProductToTheCartSuccessfully" time="14.016" classname="com.automation.testsuite.WomenCategoryPageTest" />
                <testcase name="verifyUserShouldAddProductToTheCartSuccessfully" time="15.133" classname="com.automation.testsuite.WomenCategoryPageTest" />
                <testcase name="verifyUserShouldNavigateToWomenCategoryPageSuccessfully" time="1.541" classname="com.automation.testsuite.WomenCategoryPageTest" />
      
</testsuite>
